1542672017907	mozrunner::runner	INFO	Running command: "/Applications/Firefox.app/Contents/MacOS/firefox-bin" "-marionette" "-foreground" "-no-remote" "-profile" "/var/folders/_k/l340nk251tvfmfllt_vgyk7j__cch2/T/rust_mozprofile.6C9D0FWHr2ne"
1542672021783	Marionette	INFO	Listening on port 64177
1542672021876	Marionette	WARN	TLS certificate errors will be ignored for this session
1542672021998	Marionette	INFO	Stopped listening on port 64177
JavaScript error: resource://activity-stream/lib/TopSitesFeed.jsm, line 86: TypeError: setting getter-only property "_currentSearchHostname"
JavaScript error: resource://gre/modules/Sqlite.jsm, line 841: Error: Connection is not open.
1542672023604	mozrunner::runner	INFO	Running command: "/Applications/Firefox.app/Contents/MacOS/firefox-bin" "-marionette" "-foreground" "-no-remote" "-profile" "/var/folders/_k/l340nk251tvfmfllt_vgyk7j__cch2/T/rust_mozprofile.VzJnjeEOorWl"
1542672025359	Marionette	INFO	Listening on port 64231
1542672025388	Marionette	WARN	TLS certificate errors will be ignored for this session
JavaScript warning: https://www.byton.com/visualiser-v2/Build/UnityLoader-NoPopup.js?v=20180508, line 183: unreachable code after return statement
JavaScript warning: https://www.byton.com/visualiser-v2/Build/UnityLoader-NoPopup.js?v=20180508, line 191: unreachable code after return statement
JavaScript warning: https://www.byton.com/visualiser-v2/Build/UnityLoader-NoPopup.js?v=20180508, line 0: Successfully compiled asm.js code (total compilation time 1ms; not stored in cache (too small to benefit))
JavaScript warning: https://www.byton.com/visualiser-v2/Build/UnityLoader-NoPopup.js?v=20180508, line 0: Successfully compiled asm.js code (total compilation time 0ms; not stored in cache (too small to benefit))
JavaScript warning: https://www.byton.com/visualiser-v2/Build/UnityLoader-NoPopup.js?v=20180508, line 0: Successfully compiled asm.js code (total compilation time 0ms; not stored in cache (too small to benefit))
JavaScript warning: https://www.byton.com/visualiser-v2/Build/UnityLoader-NoPopup.js?v=20180508, line 183: unreachable code after return statement
JavaScript warning: https://www.byton.com/visualiser-v2/Build/UnityLoader-NoPopup.js?v=20180508, line 191: unreachable code after return statement
JavaScript warning: https://www.byton.com/visualiser-v2/Build/UnityLoader-NoPopup.js?v=20180508, line 0: Successfully compiled asm.js code (total compilation time 0ms; not stored in cache (too small to benefit))
JavaScript warning: https://www.byton.com/visualiser-v2/Build/UnityLoader-NoPopup.js?v=20180508, line 0: Successfully compiled asm.js code (total compilation time 0ms; not stored in cache (too small to benefit))
JavaScript warning: https://www.byton.com/visualiser-v2/Build/UnityLoader-NoPopup.js?v=20180508, line 0: Successfully compiled asm.js code (total compilation time 0ms; not stored in cache (too small to benefit))
1542672037017	Marionette	INFO	Stopped listening on port 64231
1542672180755	mozrunner::runner	INFO	Running command: "/Applications/Firefox.app/Contents/MacOS/firefox-bin" "-marionette" "-foreground" "-no-remote" "-profile" "/var/folders/_k/l340nk251tvfmfllt_vgyk7j__cch2/T/rust_mozprofile.Ywa3yimvjkC2"
1542672183399	Marionette	INFO	Listening on port 64297
1542672183435	Marionette	WARN	TLS certificate errors will be ignored for this session
JavaScript warning: https://www.byton.com/visualiser-v2/Build/UnityLoader-NoPopup.js?v=20180508, line 183: unreachable code after return statement
JavaScript warning: https://www.byton.com/visualiser-v2/Build/UnityLoader-NoPopup.js?v=20180508, line 191: unreachable code after return statement
JavaScript warning: https://www.byton.com/visualiser-v2/Build/UnityLoader-NoPopup.js?v=20180508, line 0: Successfully compiled asm.js code (total compilation time 1ms; not stored in cache (too small to benefit))
JavaScript warning: https://www.byton.com/visualiser-v2/Build/UnityLoader-NoPopup.js?v=20180508, line 0: Successfully compiled asm.js code (total compilation time 0ms; not stored in cache (too small to benefit))
JavaScript warning: https://www.byton.com/visualiser-v2/Build/UnityLoader-NoPopup.js?v=20180508, line 0: Successfully compiled asm.js code (total compilation time 0ms; not stored in cache (too small to benefit))
JavaScript warning: https://www.byton.com/visualiser-v2/Build/UnityLoader-NoPopup.js?v=20180508, line 183: unreachable code after return statement
JavaScript warning: https://www.byton.com/visualiser-v2/Build/UnityLoader-NoPopup.js?v=20180508, line 191: unreachable code after return statement
JavaScript warning: https://www.byton.com/visualiser-v2/Build/UnityLoader-NoPopup.js?v=20180508, line 0: Successfully compiled asm.js code (total compilation time 0ms; not stored in cache (too small to benefit))
JavaScript warning: https://www.byton.com/visualiser-v2/Build/UnityLoader-NoPopup.js?v=20180508, line 0: Successfully compiled asm.js code (total compilation time 0ms; not stored in cache (too small to benefit))
JavaScript warning: https://www.byton.com/visualiser-v2/Build/UnityLoader-NoPopup.js?v=20180508, line 0: Successfully compiled asm.js code (total compilation time 0ms; not stored in cache (too small to benefit))
1542672202489	Marionette	INFO	Stopped listening on port 64297
1542672934850	mozrunner::runner	INFO	Running command: "/Applications/Firefox.app/Contents/MacOS/firefox-bin" "-marionette" "-foreground" "-no-remote" "-profile" "/var/folders/_k/l340nk251tvfmfllt_vgyk7j__cch2/T/rust_mozprofile.hNWvt3xYWfAD"
1542672937518	Marionette	INFO	Listening on port 64462
1542672937582	Marionette	WARN	TLS certificate errors will be ignored for this session
JavaScript warning: https://www.byton.com/visualiser-v2/Build/UnityLoader-NoPopup.js?v=20180508, line 183: unreachable code after return statement
JavaScript warning: https://www.byton.com/visualiser-v2/Build/UnityLoader-NoPopup.js?v=20180508, line 191: unreachable code after return statement
JavaScript warning: https://www.byton.com/visualiser-v2/Build/UnityLoader-NoPopup.js?v=20180508, line 0: Successfully compiled asm.js code (total compilation time 3ms; not stored in cache (too small to benefit))
JavaScript warning: https://www.byton.com/visualiser-v2/Build/UnityLoader-NoPopup.js?v=20180508, line 0: Successfully compiled asm.js code (total compilation time 0ms; not stored in cache (too small to benefit))
JavaScript warning: https://www.byton.com/visualiser-v2/Build/UnityLoader-NoPopup.js?v=20180508, line 0: Successfully compiled asm.js code (total compilation time 0ms; not stored in cache (too small to benefit))
JavaScript warning: https://www.byton.com/visualiser-v2/Build/UnityLoader-NoPopup.js?v=20180508, line 183: unreachable code after return statement
JavaScript warning: https://www.byton.com/visualiser-v2/Build/UnityLoader-NoPopup.js?v=20180508, line 191: unreachable code after return statement
JavaScript warning: https://www.byton.com/visualiser-v2/Build/UnityLoader-NoPopup.js?v=20180508, line 0: Successfully compiled asm.js code (total compilation time 0ms; not stored in cache (too small to benefit))
JavaScript warning: https://www.byton.com/visualiser-v2/Build/UnityLoader-NoPopup.js?v=20180508, line 0: Successfully compiled asm.js code (total compilation time 0ms; not stored in cache (too small to benefit))
JavaScript warning: https://www.byton.com/visualiser-v2/Build/UnityLoader-NoPopup.js?v=20180508, line 0: Successfully compiled asm.js code (total compilation time 0ms; not stored in cache (too small to benefit))
1542672949974	Marionette	INFO	Stopped listening on port 64462
1542672951615	mozrunner::runner	INFO	Running command: "/Applications/Firefox.app/Contents/MacOS/firefox-bin" "-marionette" "-foreground" "-no-remote" "-profile" "/var/folders/_k/l340nk251tvfmfllt_vgyk7j__cch2/T/rust_mozprofile.mKWPFNCHS0zW"
1542672953382	Marionette	INFO	Listening on port 64515
1542672953484	Marionette	WARN	TLS certificate errors will be ignored for this session
JavaScript warning: https://www.byton.com/visualiser-v2/Build/UnityLoader-NoPopup.js?v=20180508, line 183: unreachable code after return statement
JavaScript warning: https://www.byton.com/visualiser-v2/Build/UnityLoader-NoPopup.js?v=20180508, line 191: unreachable code after return statement
JavaScript warning: https://www.byton.com/visualiser-v2/Build/UnityLoader-NoPopup.js?v=20180508, line 0: Successfully compiled asm.js code (total compilation time 0ms; not stored in cache (too small to benefit))
JavaScript warning: https://www.byton.com/visualiser-v2/Build/UnityLoader-NoPopup.js?v=20180508, line 0: Successfully compiled asm.js code (total compilation time 0ms; not stored in cache (too small to benefit))
JavaScript warning: https://www.byton.com/visualiser-v2/Build/UnityLoader-NoPopup.js?v=20180508, line 0: Successfully compiled asm.js code (total compilation time 1ms; not stored in cache (too small to benefit))
JavaScript warning: https://www.byton.com/visualiser-v2/Build/UnityLoader-NoPopup.js?v=20180508, line 183: unreachable code after return statement
JavaScript warning: https://www.byton.com/visualiser-v2/Build/UnityLoader-NoPopup.js?v=20180508, line 191: unreachable code after return statement
JavaScript warning: https://www.byton.com/visualiser-v2/Build/UnityLoader-NoPopup.js?v=20180508, line 0: Successfully compiled asm.js code (total compilation time 0ms; not stored in cache (too small to benefit))
JavaScript warning: https://www.byton.com/visualiser-v2/Build/UnityLoader-NoPopup.js?v=20180508, line 0: Successfully compiled asm.js code (total compilation time 0ms; not stored in cache (too small to benefit))
JavaScript warning: https://www.byton.com/visualiser-v2/Build/UnityLoader-NoPopup.js?v=20180508, line 0: Successfully compiled asm.js code (total compilation time 0ms; not stored in cache (too small to benefit))
1542672963905	Marionette	INFO	Stopped listening on port 64515
1542672965541	mozrunner::runner	INFO	Running command: "/Applications/Firefox.app/Contents/MacOS/firefox-bin" "-marionette" "-foreground" "-no-remote" "-profile" "/var/folders/_k/l340nk251tvfmfllt_vgyk7j__cch2/T/rust_mozprofile.tnfNJK0OkwYe"
1542672967457	Marionette	INFO	Listening on port 64564
1542672967522	Marionette	WARN	TLS certificate errors will be ignored for this session
1542672967623	Marionette	INFO	Stopped listening on port 64564
JavaScript error: resource://activity-stream/lib/TopSitesFeed.jsm, line 86: TypeError: setting getter-only property "_currentSearchHostname"
JavaScript error: resource://gre/modules/Sqlite.jsm, line 841: Error: Connection is not open.
