1540570987313	mozrunner::runner	INFO	Running command: "/Applications/Firefox.app/Contents/MacOS/firefox-bin" "-marionette" "-foreground" "-no-remote" "-profile" "/var/folders/_k/l340nk251tvfmfllt_vgyk7j__cch2/T/rust_mozprofile.vUSJPiKmqUpi"
1540570990208	Marionette	INFO	Listening on port 54196
1540570990285	Marionette	WARN	TLS certificate errors will be ignored for this session
1540571029691	mozrunner::runner	INFO	Running command: "/Applications/Firefox.app/Contents/MacOS/firefox-bin" "-marionette" "-foreground" "-no-remote" "-profile" "/var/folders/_k/l340nk251tvfmfllt_vgyk7j__cch2/T/rust_mozprofile.ZYKPjllAS81D"
1540571031903	Marionette	INFO	Listening on port 54258
1540571031961	Marionette	WARN	TLS certificate errors will be ignored for this session
1540571070279	Marionette	INFO	Stopped listening on port 54196
1540571434473	mozrunner::runner	INFO	Running command: "/Applications/Firefox.app/Contents/MacOS/firefox-bin" "-marionette" "-foreground" "-no-remote" "-profile" "/var/folders/_k/l340nk251tvfmfllt_vgyk7j__cch2/T/rust_mozprofile.bLsLw2jMXfqD"
1540571436578	Marionette	INFO	Listening on port 54574
1540571436672	Marionette	WARN	TLS certificate errors will be ignored for this session
1540571436892	Marionette	INFO	Stopped listening on port 54574
JavaScript error: resource://activity-stream/lib/TopSitesFeed.jsm, line 86: TypeError: setting getter-only property "_currentSearchHostname"
JavaScript error: resource://gre/modules/Sqlite.jsm, line 841: Error: Connection is not open.
JavaScript error: resource://gre/modules/osfile/osfile_async_front.jsm, line 407: Error: OS.File has been shut down. Rejecting post to DirectoryIterator_prototype_close
JavaScript error: resource://gre/modules/osfile/osfile_async_front.jsm, line 407: Error: OS.File has been shut down. Rejecting post to DirectoryIterator_prototype_close
JavaScript error: resource://gre/modules/ProfileAge.jsm, line 197: Error: Unable to fetch oldest profile entry: Error: OS.File has been shut down. Rejecting request to DirectoryIterator_prototype_next
JavaScript error: resource://gre/modules/ProfileAge.jsm, line 197: Error: Unable to fetch oldest profile entry: Error: OS.File has been shut down. Rejecting post to DirectoryIterator_prototype_next
1540571449867	mozrunner::runner	INFO	Running command: "/Applications/Firefox.app/Contents/MacOS/firefox-bin" "-marionette" "-foreground" "-no-remote" "-profile" "/var/folders/_k/l340nk251tvfmfllt_vgyk7j__cch2/T/rust_mozprofile.YIWVivOOt82O"
1540571451571	Marionette	INFO	Listening on port 54612
1540571451640	Marionette	WARN	TLS certificate errors will be ignored for this session
1540571516677	Marionette	INFO	Stopped listening on port 54612
1540571521211	mozrunner::runner	INFO	Running command: "/Applications/Firefox.app/Contents/MacOS/firefox-bin" "-marionette" "-foreground" "-no-remote" "-profile" "/var/folders/_k/l340nk251tvfmfllt_vgyk7j__cch2/T/rust_mozprofile.KvEkNdzvDLxz"
1540571523065	Marionette	INFO	Listening on port 54749
1540571523086	Marionette	WARN	TLS certificate errors will be ignored for this session

###!!! [Child][RunMessage] Error: Channel closing: too late to send/recv, messages will be lost

1540571575042	Marionette	INFO	Stopped listening on port 54749
JavaScript error: resource://gre/modules/WebProgressChild.jsm, line 58: TypeError: this.mm.content is null
1540571578270	Marionette	INFO	Stopped listening on port 54258
1540571583019	mozrunner::runner	INFO	Running command: "/Applications/Firefox.app/Contents/MacOS/firefox-bin" "-marionette" "-foreground" "-no-remote" "-profile" "/var/folders/_k/l340nk251tvfmfllt_vgyk7j__cch2/T/rust_mozprofile.eDdgmjLAEvu6"
1540571584836	Marionette	INFO	Listening on port 54880
1540571584898	Marionette	WARN	TLS certificate errors will be ignored for this session
JavaScript error: resource://devtools/shared/base-loader.js -> resource://devtools/server/actors/highlighters/auto-refresh.js, line 202: TypeError: this.win is null
JavaScript error: resource://devtools/shared/base-loader.js -> resource://devtools/server/actors/highlighters/auto-refresh.js, line 202: TypeError: this.win is null
JavaScript error: resource://gre/modules/WebProgressChild.jsm, line 58: TypeError: this.mm.content is null
1540571728304	Marionette	INFO	Stopped listening on port 54880
1540571808173	mozrunner::runner	INFO	Running command: "/Applications/Firefox.app/Contents/MacOS/firefox-bin" "-marionette" "-foreground" "-no-remote" "-profile" "/var/folders/_k/l340nk251tvfmfllt_vgyk7j__cch2/T/rust_mozprofile.TLxvttnKHe0i"
1540571810084	Marionette	INFO	Listening on port 55293
1540571810146	Marionette	WARN	TLS certificate errors will be ignored for this session
JavaScript error: resource://gre/modules/WebProgressChild.jsm, line 58: TypeError: this.mm.content is null
1540571830865	Marionette	INFO	Stopped listening on port 55293
