1540503440467	mozrunner::runner	INFO	Running command: "/Applications/Firefox.app/Contents/MacOS/firefox-bin" "-marionette" "-foreground" "-no-remote" "-profile" "/var/folders/_k/l340nk251tvfmfllt_vgyk7j__cch2/T/rust_mozprofile.MaEbfZI9A5sD"
1540503443471	Marionette	INFO	Listening on port 50405
1540503443541	Marionette	WARN	TLS certificate errors will be ignored for this session
JavaScript warning: https://www.byton.com/visualiser-v2/Build/UnityLoader-NoPopup.js?v=20180508, line 183: unreachable code after return statement
JavaScript warning: https://www.byton.com/visualiser-v2/Build/UnityLoader-NoPopup.js?v=20180508, line 191: unreachable code after return statement
JavaScript warning: https://www.byton.com/visualiser-v2/Build/UnityLoader-NoPopup.js?v=20180508, line 0: Successfully compiled asm.js code (total compilation time 1ms; not stored in cache (too small to benefit))
JavaScript warning: https://www.byton.com/visualiser-v2/Build/UnityLoader-NoPopup.js?v=20180508, line 0: Successfully compiled asm.js code (total compilation time 0ms; not stored in cache (too small to benefit))
JavaScript warning: https://www.byton.com/visualiser-v2/Build/UnityLoader-NoPopup.js?v=20180508, line 0: Successfully compiled asm.js code (total compilation time 0ms; not stored in cache (too small to benefit))
1540503449469	Marionette	INFO	Stopped listening on port 50405
1540503451086	mozrunner::runner	INFO	Running command: "/Applications/Firefox.app/Contents/MacOS/firefox-bin" "-marionette" "-foreground" "-no-remote" "-profile" "/var/folders/_k/l340nk251tvfmfllt_vgyk7j__cch2/T/rust_mozprofile.wOPMdO1nNKut"
1540503452899	Marionette	INFO	Listening on port 50458
1540503452944	Marionette	WARN	TLS certificate errors will be ignored for this session
JavaScript warning: https://www.byton.com/visualiser-v2/Build/UnityLoader-NoPopup.js?v=20180508, line 183: unreachable code after return statement
JavaScript warning: https://www.byton.com/visualiser-v2/Build/UnityLoader-NoPopup.js?v=20180508, line 191: unreachable code after return statement
JavaScript warning: https://www.byton.com/visualiser-v2/Build/UnityLoader-NoPopup.js?v=20180508, line 0: Successfully compiled asm.js code (total compilation time 0ms; not stored in cache (too small to benefit))
JavaScript warning: https://www.byton.com/visualiser-v2/Build/UnityLoader-NoPopup.js?v=20180508, line 0: Successfully compiled asm.js code (total compilation time 0ms; not stored in cache (too small to benefit))
JavaScript warning: https://www.byton.com/visualiser-v2/Build/UnityLoader-NoPopup.js?v=20180508, line 0: Successfully compiled asm.js code (total compilation time 0ms; not stored in cache (too small to benefit))
1540503469215	Marionette	INFO	Stopped listening on port 50458

###!!! [Parent][MessageChannel] Error: (msgtype=0x160011,name=PBackgroundStorage::Msg_Observe) Channel error: cannot send/recv

1540503485695	mozrunner::runner	INFO	Running command: "/Applications/Firefox.app/Contents/MacOS/firefox-bin" "-marionette" "-foreground" "-no-remote" "-profile" "/var/folders/_k/l340nk251tvfmfllt_vgyk7j__cch2/T/rust_mozprofile.Wrw561ZEAuT7"
1540503487512	Marionette	INFO	Listening on port 50506
1540503487559	Marionette	WARN	TLS certificate errors will be ignored for this session
JavaScript warning: https://www.byton.com/visualiser-v2/Build/UnityLoader-NoPopup.js?v=20180508, line 183: unreachable code after return statement
JavaScript warning: https://www.byton.com/visualiser-v2/Build/UnityLoader-NoPopup.js?v=20180508, line 191: unreachable code after return statement
JavaScript warning: https://www.byton.com/visualiser-v2/Build/UnityLoader-NoPopup.js?v=20180508, line 0: Successfully compiled asm.js code (total compilation time 1ms; not stored in cache (too small to benefit))
JavaScript warning: https://www.byton.com/visualiser-v2/Build/UnityLoader-NoPopup.js?v=20180508, line 0: Successfully compiled asm.js code (total compilation time 0ms; not stored in cache (too small to benefit))
JavaScript warning: https://www.byton.com/visualiser-v2/Build/UnityLoader-NoPopup.js?v=20180508, line 0: Successfully compiled asm.js code (total compilation time 0ms; not stored in cache (too small to benefit))
1540503493609	Marionette	INFO	Stopped listening on port 50506
[Parent 66524, Gecko_IOThread] WARNING: pipe error: Broken pipe: file /builds/worker/workspace/build/src/ipc/chromium/src/chrome/common/ipc_channel_posix.cc, line 729
[Parent 66524, Gecko_IOThread] WARNING: pipe error: Broken pipe: file /builds/worker/workspace/build/src/ipc/chromium/src/chrome/common/ipc_channel_posix.cc, line 729
1540503640911	mozrunner::runner	INFO	Running command: "/Applications/Firefox.app/Contents/MacOS/firefox-bin" "-marionette" "-foreground" "-no-remote" "-profile" "/var/folders/_k/l340nk251tvfmfllt_vgyk7j__cch2/T/rust_mozprofile.8NDkyWrYxfdC"
1540503643411	Marionette	INFO	Listening on port 50574
1540503643419	Marionette	WARN	TLS certificate errors will be ignored for this session
1540503649349	Marionette	INFO	Stopped listening on port 50574
1540503651119	mozrunner::runner	INFO	Running command: "/Applications/Firefox.app/Contents/MacOS/firefox-bin" "-marionette" "-foreground" "-no-remote" "-profile" "/var/folders/_k/l340nk251tvfmfllt_vgyk7j__cch2/T/rust_mozprofile.4gj75yZRCiqO"
1540503652929	Marionette	INFO	Listening on port 50654
1540503652986	Marionette	WARN	TLS certificate errors will be ignored for this session
1540503662599	Marionette	INFO	Stopped listening on port 50654
JavaScript error: resource://gre/modules/WebProgressChild.jsm, line 58: TypeError: this.mm.content is null
1540504056238	mozrunner::runner	INFO	Running command: "/Applications/Firefox.app/Contents/MacOS/firefox-bin" "-marionette" "-foreground" "-no-remote" "-profile" "/var/folders/_k/l340nk251tvfmfllt_vgyk7j__cch2/T/rust_mozprofile.anXDgQZjicq8"
1540504058668	Marionette	INFO	Listening on port 50906
1540504058694	Marionette	WARN	TLS certificate errors will be ignored for this session
JavaScript warning: https://www.byton.com/visualiser-v2/Build/UnityLoader-NoPopup.js?v=20180508, line 183: unreachable code after return statement
JavaScript warning: https://www.byton.com/visualiser-v2/Build/UnityLoader-NoPopup.js?v=20180508, line 191: unreachable code after return statement
JavaScript warning: https://www.byton.com/visualiser-v2/Build/UnityLoader-NoPopup.js?v=20180508, line 0: Successfully compiled asm.js code (total compilation time 1ms; not stored in cache (too small to benefit))
JavaScript warning: https://www.byton.com/visualiser-v2/Build/UnityLoader-NoPopup.js?v=20180508, line 0: Successfully compiled asm.js code (total compilation time 0ms; not stored in cache (too small to benefit))
JavaScript warning: https://www.byton.com/visualiser-v2/Build/UnityLoader-NoPopup.js?v=20180508, line 0: Successfully compiled asm.js code (total compilation time 0ms; not stored in cache (too small to benefit))
1540504065019	Marionette	INFO	Stopped listening on port 50906
1540504066690	mozrunner::runner	INFO	Running command: "/Applications/Firefox.app/Contents/MacOS/firefox-bin" "-marionette" "-foreground" "-no-remote" "-profile" "/var/folders/_k/l340nk251tvfmfllt_vgyk7j__cch2/T/rust_mozprofile.MKX859pf65eA"
1540504071642	Marionette	INFO	Listening on port 50953
1540504071750	Marionette	WARN	TLS certificate errors will be ignored for this session
JavaScript warning: https://www.byton.com/visualiser-v2/Build/UnityLoader-NoPopup.js?v=20180508, line 183: unreachable code after return statement
JavaScript warning: https://www.byton.com/visualiser-v2/Build/UnityLoader-NoPopup.js?v=20180508, line 191: unreachable code after return statement
JavaScript warning: https://www.byton.com/visualiser-v2/Build/UnityLoader-NoPopup.js?v=20180508, line 0: Successfully compiled asm.js code (total compilation time 0ms; not stored in cache (too small to benefit))
JavaScript warning: https://www.byton.com/visualiser-v2/Build/UnityLoader-NoPopup.js?v=20180508, line 0: Successfully compiled asm.js code (total compilation time 0ms; not stored in cache (too small to benefit))
JavaScript warning: https://www.byton.com/visualiser-v2/Build/UnityLoader-NoPopup.js?v=20180508, line 0: Successfully compiled asm.js code (total compilation time 0ms; not stored in cache (too small to benefit))
1540504086155	Marionette	INFO	Stopped listening on port 50953

###!!! [Parent][MessageChannel] Error: (msgtype=0x160011,name=PBackgroundStorage::Msg_Observe) Channel error: cannot send/recv

1540504087685	mozrunner::runner	INFO	Running command: "/Applications/Firefox.app/Contents/MacOS/firefox-bin" "-marionette" "-foreground" "-no-remote" "-profile" "/var/folders/_k/l340nk251tvfmfllt_vgyk7j__cch2/T/rust_mozprofile.aCVd2nnm0xe7"
1540504089407	Marionette	INFO	Listening on port 51032
1540504089448	Marionette	WARN	TLS certificate errors will be ignored for this session
JavaScript error: https://cvp.twitch.tv/2.6.3/videojs-hls-tech.min.js, line 1: InvalidStateError: An attempt was made to use an object that is not, or is no longer, usable
1540504095743	Marionette	INFO	Stopped listening on port 51032
JavaScript error: https://images-na.ssl-images-amazon.com/images/I/11IYhapguOL._RC|616AEWQZPBL.js,21iSNz47xoL.js,012FVc3131L.js,119KAWlHU6L.js,31fv8bqHLoL.js,31ReKJl2X6L.js,51MJgfi30-L.js,11AHlQhPRjL.js,01xMsWWFUQL.js,11aNYFFS5hL.js,116tgw9TSaL.js,21auxuI+dRL.js,01PoLXBDXWL.js,61xD4-MXbLL.js,01mi-J86cyL.js,110HZneHcZL.js,31GDzZs37pL.js,01rpauTep4L.js,01iyxuSGj4L.js,01OIWkVvIJL.js_.js?AUIClients/AmazonUI#144375-T1, line 106: NS_ERROR_NOT_INITIALIZED: 
JavaScript error: https://images-na.ssl-images-amazon.com/images/I/11IYhapguOL._RC|616AEWQZPBL.js,21iSNz47xoL.js,012FVc3131L.js,119KAWlHU6L.js,31fv8bqHLoL.js,31ReKJl2X6L.js,51MJgfi30-L.js,11AHlQhPRjL.js,01xMsWWFUQL.js,11aNYFFS5hL.js,116tgw9TSaL.js,21auxuI+dRL.js,01PoLXBDXWL.js,61xD4-MXbLL.js,01mi-J86cyL.js,110HZneHcZL.js,31GDzZs37pL.js,01rpauTep4L.js,01iyxuSGj4L.js,01OIWkVvIJL.js_.js?AUIClients/AmazonUI#144375-T1, line 106: NS_ERROR_NOT_INITIALIZED: 

###!!! [Child][RunMessage] Error: Channel closing: too late to send/recv, messages will be lost


###!!! [Child][RunMessage] Error: Channel closing: too late to send/recv, messages will be lost


###!!! [Child][RunMessage] Error: Channel closing: too late to send/recv, messages will be lost


###!!! [Child][RunMessage] Error: Channel closing: too late to send/recv, messages will be lost

1540504097465	mozrunner::runner	INFO	Running command: "/Applications/Firefox.app/Contents/MacOS/firefox-bin" "-marionette" "-foreground" "-no-remote" "-profile" "/var/folders/_k/l340nk251tvfmfllt_vgyk7j__cch2/T/rust_mozprofile.orj4kkkBPvwz"
1540504099124	Marionette	INFO	Listening on port 51105
1540504099214	Marionette	WARN	TLS certificate errors will be ignored for this session
1540504110290	Marionette	INFO	Stopped listening on port 51105
1540504228345	mozrunner::runner	INFO	Running command: "/Applications/Firefox.app/Contents/MacOS/firefox-bin" "-marionette" "-foreground" "-no-remote" "-profile" "/var/folders/_k/l340nk251tvfmfllt_vgyk7j__cch2/T/rust_mozprofile.zA2nFFun73O0"
1540504230897	Marionette	INFO	Listening on port 51266
1540504230950	Marionette	WARN	TLS certificate errors will be ignored for this session
JavaScript warning: https://www.byton.com/visualiser-v2/Build/UnityLoader-NoPopup.js?v=20180508, line 183: unreachable code after return statement
JavaScript warning: https://www.byton.com/visualiser-v2/Build/UnityLoader-NoPopup.js?v=20180508, line 191: unreachable code after return statement
JavaScript warning: https://www.byton.com/visualiser-v2/Build/UnityLoader-NoPopup.js?v=20180508, line 0: Successfully compiled asm.js code (total compilation time 7ms; not stored in cache (too small to benefit))
JavaScript warning: https://www.byton.com/visualiser-v2/Build/UnityLoader-NoPopup.js?v=20180508, line 0: Successfully compiled asm.js code (total compilation time 0ms; not stored in cache (too small to benefit))
JavaScript warning: https://www.byton.com/visualiser-v2/Build/UnityLoader-NoPopup.js?v=20180508, line 0: Successfully compiled asm.js code (total compilation time 0ms; not stored in cache (too small to benefit))
1540504239431	Marionette	INFO	Stopped listening on port 51266
1540504241055	mozrunner::runner	INFO	Running command: "/Applications/Firefox.app/Contents/MacOS/firefox-bin" "-marionette" "-foreground" "-no-remote" "-profile" "/var/folders/_k/l340nk251tvfmfllt_vgyk7j__cch2/T/rust_mozprofile.o3JOIIxEuahu"
1540504242868	Marionette	INFO	Listening on port 51317
1540504242926	Marionette	WARN	TLS certificate errors will be ignored for this session
JavaScript warning: https://www.byton.com/visualiser-v2/Build/UnityLoader-NoPopup.js?v=20180508, line 183: unreachable code after return statement
JavaScript warning: https://www.byton.com/visualiser-v2/Build/UnityLoader-NoPopup.js?v=20180508, line 191: unreachable code after return statement
JavaScript warning: https://www.byton.com/visualiser-v2/Build/UnityLoader-NoPopup.js?v=20180508, line 0: Successfully compiled asm.js code (total compilation time 0ms; not stored in cache (too small to benefit))
JavaScript warning: https://www.byton.com/visualiser-v2/Build/UnityLoader-NoPopup.js?v=20180508, line 0: Successfully compiled asm.js code (total compilation time 0ms; not stored in cache (too small to benefit))
JavaScript warning: https://www.byton.com/visualiser-v2/Build/UnityLoader-NoPopup.js?v=20180508, line 0: Successfully compiled asm.js code (total compilation time 0ms; not stored in cache (too small to benefit))
1540504249218	Marionette	INFO	Stopped listening on port 51317
1540504250806	mozrunner::runner	INFO	Running command: "/Applications/Firefox.app/Contents/MacOS/firefox-bin" "-marionette" "-foreground" "-no-remote" "-profile" "/var/folders/_k/l340nk251tvfmfllt_vgyk7j__cch2/T/rust_mozprofile.NzMreFUBXeuG"
1540504252674	Marionette	INFO	Listening on port 51361
1540504252692	Marionette	WARN	TLS certificate errors will be ignored for this session
1540504258557	Marionette	INFO	Stopped listening on port 51361
JavaScript error: resource://gre/modules/WebProgressChild.jsm, line 58: TypeError: this.mm.content is null
JavaScript error: resource://gre/modules/WebProgressChild.jsm, line 58: TypeError: this.mm.content is null
1540504265378	mozrunner::runner	INFO	Running command: "/Applications/Firefox.app/Contents/MacOS/firefox-bin" "-marionette" "-foreground" "-no-remote" "-profile" "/var/folders/_k/l340nk251tvfmfllt_vgyk7j__cch2/T/rust_mozprofile.2C1U5gMjNbYb"
1540504267126	Marionette	INFO	Listening on port 51459
1540504267154	Marionette	WARN	TLS certificate errors will be ignored for this session
1540504276001	Marionette	INFO	Stopped listening on port 51459
